2018-11-13 21:11:51,295  INFO: 启动CTA策略运行子进程
2018-11-13 21:11:51,295  INFO: 事件引擎创建成功
2018-11-13 21:11:51,335  INFO: 主引擎创建成功
2018-11-13 21:11:51,335  INFO: 注册日志事件监听
2018-11-13 21:11:51,364  INFO: 连接CTP接口
2018-11-13 21:11:51,394  INFO: MAIN_ENGINE	MongoDB连接成功
2018-11-13 21:11:51,397  INFO: CTP	行情服务器连接成功
2018-11-13 21:11:51,400  INFO: CTP	交易服务器连接成功
2018-11-13 21:11:51,436  INFO: CTP	行情服务器登录完成
2018-11-13 21:11:51,440  INFO: CTP	交易服务器登录完成
2018-11-13 21:11:51,509  INFO: CTP	结算信息确认完成
2018-11-13 21:11:51,773  INFO: CTP	交易合约信息获取完成
2018-11-13 21:12:01,394  INFO: CTA策略载入成功
2018-11-13 21:12:01,395  INFO: CTA策略初始化成功
2018-11-13 21:12:01,395  INFO: CTA策略启动成功
2018-11-13 21:12:01,424  INFO: CTA_STRATEGY	MutilEMaStrategy:多重EMA策略初始化
2018-11-13 21:12:01,424  INFO: CTA_STRATEGY	MutilEMaStrategy:多重EMA策略启动
2018-11-13 21:14:21,753  INFO: 启动CTA策略运行子进程
2018-11-13 21:14:21,753  INFO: 事件引擎创建成功
2018-11-13 21:14:21,805  INFO: 主引擎创建成功
2018-11-13 21:14:21,806  INFO: 注册日志事件监听
2018-11-13 21:14:21,825  INFO: 连接CTP接口
2018-11-13 21:14:21,839  INFO: MAIN_ENGINE	MongoDB连接成功
2018-11-13 21:14:21,851  INFO: CTP	交易服务器连接成功
2018-11-13 21:14:21,861  INFO: CTP	行情服务器连接成功
2018-11-13 21:14:21,898  INFO: CTP	交易服务器登录完成
2018-11-13 21:14:21,900  INFO: CTP	行情服务器登录完成
2018-11-13 21:14:21,936  INFO: CTP	结算信息确认完成
2018-11-13 21:14:23,081  INFO: CTP	交易合约信息获取完成
2018-11-13 21:14:31,858  INFO: CTA策略载入成功
2018-11-13 21:14:31,859  INFO: CTA策略初始化成功
2018-11-13 21:14:31,861  INFO: CTA策略启动成功
2018-11-13 21:14:31,887  INFO: CTA_STRATEGY	MutilEMaStrategy:多重EMA策略初始化
2018-11-13 21:14:31,887  INFO: CTA_STRATEGY	MutilEMaStrategy:多重EMA策略启动
2018-11-13 21:15:51,766  INFO: 启动CTA策略运行子进程
2018-11-13 21:15:51,766  INFO: 事件引擎创建成功
2018-11-13 21:15:51,819  INFO: 主引擎创建成功
2018-11-13 21:15:51,819  INFO: 注册日志事件监听
2018-11-13 21:15:51,836  INFO: 连接CTP接口
2018-11-13 21:15:51,854  INFO: MAIN_ENGINE	MongoDB连接成功
2018-11-13 21:15:51,865  INFO: CTP	行情服务器连接成功
2018-11-13 21:15:51,865  INFO: CTP	交易服务器连接成功
2018-11-13 21:15:51,934  INFO: CTP	行情服务器登录完成
2018-11-13 21:15:51,936  INFO: CTP	交易服务器登录完成
2018-11-13 21:15:51,944  INFO: CTP	结算信息确认完成
2018-11-13 21:15:52,229  INFO: CTP	交易合约信息获取完成
2018-11-13 21:16:01,871  INFO: CTA策略载入成功
2018-11-13 21:16:01,871  INFO: CTA策略初始化成功
2018-11-13 21:16:01,871  INFO: CTA策略启动成功
2018-11-13 21:16:01,901  INFO: CTA_STRATEGY	MutilEMaStrategy:多重EMA策略初始化
2018-11-13 21:16:01,901  INFO: CTA_STRATEGY	MutilEMaStrategy:多重EMA策略启动
2018-11-13 21:49:30,532  INFO: 启动CTA策略运行子进程
2018-11-13 21:49:30,532  INFO: 事件引擎创建成功
2018-11-13 21:49:30,585  INFO: 主引擎创建成功
2018-11-13 21:49:30,585  INFO: 注册日志事件监听
2018-11-13 21:49:30,601  INFO: 连接CTP接口
2018-11-13 21:49:30,619  INFO: MAIN_ENGINE	MongoDB连接成功
2018-11-13 21:49:30,631  INFO: CTP	行情服务器连接成功
2018-11-13 21:49:30,631  INFO: CTP	交易服务器连接成功
2018-11-13 21:49:30,667  INFO: CTP	行情服务器登录完成
2018-11-13 21:49:30,668  INFO: CTP	交易服务器登录完成
2018-11-13 21:49:30,737  INFO: CTP	结算信息确认完成
2018-11-13 21:49:30,986  INFO: CTP	交易合约信息获取完成
2018-11-13 21:49:40,637  INFO: CTA策略载入成功
2018-11-13 21:49:40,638  INFO: CTA策略初始化成功
2018-11-13 21:49:40,638  INFO: CTA策略启动成功
2018-11-13 21:49:40,673  INFO: CTA_STRATEGY	MutilEMaStrategy:多重EMA策略初始化
2018-11-13 21:49:40,673  INFO: CTA_STRATEGY	MutilEMaStrategy:多重EMA策略启动
2018-11-13 21:50:51,561  INFO: 启动CTA策略运行子进程
2018-11-13 21:50:51,561  INFO: 事件引擎创建成功
2018-11-13 21:50:51,612  INFO: 主引擎创建成功
2018-11-13 21:50:51,612  INFO: 注册日志事件监听
2018-11-13 21:50:51,630  INFO: 连接CTP接口
2018-11-13 21:50:51,654  INFO: MAIN_ENGINE	MongoDB连接成功
2018-11-13 21:50:51,664  INFO: CTP	交易服务器连接成功
2018-11-13 21:50:51,671  INFO: CTP	行情服务器连接成功
2018-11-13 21:50:51,707  INFO: CTP	交易服务器登录完成
2018-11-13 21:50:51,709  INFO: CTP	行情服务器登录完成
2018-11-13 21:50:51,746  INFO: CTP	结算信息确认完成
2018-11-13 21:50:52,028  INFO: CTP	交易合约信息获取完成
2018-11-13 21:52:48,105  INFO: 启动CTA策略运行子进程
2018-11-13 21:52:48,105  INFO: 事件引擎创建成功
2018-11-13 21:52:48,157  INFO: 主引擎创建成功
2018-11-13 21:52:48,157  INFO: 注册日志事件监听
2018-11-13 21:52:48,176  INFO: 连接CTP接口
2018-11-13 21:52:48,198  INFO: MAIN_ENGINE	MongoDB连接成功
2018-11-13 21:52:48,201  INFO: CTP	行情服务器连接成功
2018-11-13 21:52:48,201  INFO: CTP	交易服务器连接成功
2018-11-13 21:52:48,239  INFO: CTP	行情服务器登录完成
2018-11-13 21:52:48,240  INFO: CTP	交易服务器登录完成
2018-11-13 21:52:48,309  INFO: CTP	结算信息确认完成
2018-11-13 21:52:48,546  INFO: CTP	交易合约信息获取完成
2018-11-13 21:52:58,210  INFO: CTA策略载入成功
2018-11-13 21:52:58,210  INFO: CTA策略初始化成功
2018-11-13 21:52:58,210  INFO: CTA策略启动成功
2018-11-13 21:52:58,234  INFO: CTA_STRATEGY	MutilEMaStrategy:多重EMA策略初始化
2018-11-13 21:52:58,236  INFO: CTA_STRATEGY	MutilEMaStrategy:多重EMA策略启动
2018-11-13 21:55:02,414  INFO: 启动CTA策略运行子进程
2018-11-13 21:55:02,414  INFO: 事件引擎创建成功
2018-11-13 21:55:02,466  INFO: 主引擎创建成功
2018-11-13 21:55:02,466  INFO: 注册日志事件监听
2018-11-13 21:55:02,483  INFO: 连接CTP接口
2018-11-13 21:55:02,500  INFO: MAIN_ENGINE	MongoDB连接成功
2018-11-13 21:55:02,512  INFO: CTP	行情服务器连接成功
2018-11-13 21:55:02,513  INFO: CTP	交易服务器连接成功
2018-11-13 21:55:02,549  INFO: CTP	行情服务器登录完成
2018-11-13 21:55:02,549  INFO: CTP	交易服务器登录完成
2018-11-13 21:55:02,618  INFO: CTP	结算信息确认完成
2018-11-13 21:55:03,309  INFO: CTP	交易合约信息获取完成
2018-11-13 21:55:12,517  INFO: CTA策略载入成功
2018-11-13 21:55:12,519  INFO: CTA策略初始化成功
2018-11-13 21:55:12,519  INFO: CTA策略启动成功
2018-11-13 21:55:12,558  INFO: CTA_STRATEGY	MutilEMaStrategy:多重EMA策略初始化
2018-11-13 21:55:12,558  INFO: CTA_STRATEGY	MutilEMaStrategy:多重EMA策略启动
2018-11-13 22:25:28,979  INFO: 启动CTA策略运行子进程
2018-11-13 22:25:28,980  INFO: 事件引擎创建成功
2018-11-13 22:25:29,030  INFO: 主引擎创建成功
2018-11-13 22:25:29,030  INFO: 注册日志事件监听
2018-11-13 22:25:29,046  INFO: 连接CTP接口
2018-11-13 22:25:29,065  INFO: MAIN_ENGINE	MongoDB连接成功
2018-11-13 22:25:29,076  INFO: CTP	行情服务器连接成功
2018-11-13 22:25:29,088  INFO: CTP	交易服务器连接成功
2018-11-13 22:25:29,125  INFO: CTP	行情服务器登录完成
2018-11-13 22:25:29,125  INFO: CTP	交易服务器登录完成
2018-11-13 22:25:29,194  INFO: CTP	结算信息确认完成
2018-11-13 22:25:29,451  INFO: CTP	交易合约信息获取完成
2018-11-13 22:25:39,082  INFO: CTA策略载入成功
2018-11-13 22:25:39,082  INFO: CTA策略初始化成功
2018-11-13 22:25:39,082  INFO: CTA策略启动成功
2018-11-13 22:25:39,125  INFO: CTA_STRATEGY	MutilEMaStrategy:多重EMA策略初始化
2018-11-13 22:25:39,125  INFO: CTA_STRATEGY	MutilEMaStrategy:多重EMA策略启动
2018-11-13 22:34:28,447  INFO: 启动CTA策略运行子进程
2018-11-13 22:34:28,448  INFO: 事件引擎创建成功
2018-11-13 22:34:28,503  INFO: 主引擎创建成功
2018-11-13 22:34:28,503  INFO: 注册日志事件监听
2018-11-13 22:34:28,519  INFO: 连接CTP接口
2018-11-13 22:34:28,536  INFO: MAIN_ENGINE	MongoDB连接成功
2018-11-13 22:34:28,561  INFO: CTP	行情服务器连接成功
2018-11-13 22:34:28,562  INFO: CTP	交易服务器连接成功
2018-11-13 22:34:28,598  INFO: CTP	行情服务器登录完成
2018-11-13 22:34:28,599  INFO: CTP	交易服务器登录完成
2018-11-13 22:34:28,635  INFO: CTP	结算信息确认完成
2018-11-13 22:34:28,908  INFO: CTP	交易合约信息获取完成
2018-11-13 22:34:38,555  INFO: CTA策略载入成功
2018-11-13 22:34:38,555  INFO: CTA策略初始化成功
2018-11-13 22:34:38,556  INFO: CTA策略启动成功
2018-11-13 22:34:38,579  INFO: CTA_STRATEGY	MutilEMaStrategy:多重EMA策略初始化
2018-11-13 22:34:38,579  INFO: CTA_STRATEGY	MutilEMaStrategy:多重EMA策略启动
2018-11-13 22:40:22,247  INFO: 启动CTA策略运行子进程
2018-11-13 22:40:22,247  INFO: 事件引擎创建成功
2018-11-13 22:40:22,302  INFO: 主引擎创建成功
2018-11-13 22:40:22,302  INFO: 注册日志事件监听
2018-11-13 22:40:22,328  INFO: 连接CTP接口
2018-11-13 22:40:22,335  INFO: MAIN_ENGINE	MongoDB连接成功
2018-11-13 22:40:22,345  INFO: CTP	交易服务器连接成功
2018-11-13 22:40:22,364  INFO: CTP	行情服务器连接成功
2018-11-13 22:40:22,382  INFO: CTP	交易服务器登录完成
2018-11-13 22:40:22,403  INFO: CTP	行情服务器登录完成
2018-11-13 22:40:22,424  INFO: CTP	结算信息确认完成
2018-11-13 22:40:22,691  INFO: CTP	交易合约信息获取完成
2018-11-13 22:40:32,364  INFO: CTA策略载入成功
2018-11-13 22:40:32,365  INFO: CTA策略初始化成功
2018-11-13 22:40:32,365  INFO: CTA策略启动成功
2018-11-13 22:40:32,375  INFO: CTA_STRATEGY	MutilEMaStrategy:多重EMA策略初始化
2018-11-13 22:40:32,375  INFO: CTA_STRATEGY	MutilEMaStrategy:多重EMA策略启动
2018-11-13 22:41:39,707  INFO: 启动CTA策略运行子进程
2018-11-13 22:41:39,707  INFO: 事件引擎创建成功
2018-11-13 22:41:39,782  INFO: 主引擎创建成功
2018-11-13 22:41:39,782  INFO: 注册日志事件监听
2018-11-13 22:41:39,809  INFO: 连接CTP接口
2018-11-13 22:41:39,825  INFO: MAIN_ENGINE	MongoDB连接成功
2018-11-13 22:41:39,845  INFO: CTP	行情服务器连接成功
2018-11-13 22:41:39,845  INFO: CTP	交易服务器连接成功
2018-11-13 22:41:39,881  INFO: CTP	行情服务器登录完成
2018-11-13 22:41:39,885  INFO: CTP	交易服务器登录完成
2018-11-13 22:41:39,924  INFO: CTP	结算信息确认完成
2018-11-13 22:41:40,204  INFO: CTP	交易合约信息获取完成
2018-11-13 22:41:49,842  INFO: CTA策略载入成功
2018-11-13 22:41:49,842  INFO: CTA策略初始化成功
2018-11-13 22:41:49,842  INFO: CTA策略启动成功
2018-11-13 22:41:49,855  INFO: CTA_STRATEGY	MutilEMaStrategy:多重EMA策略初始化
2018-11-13 22:41:49,855  INFO: CTA_STRATEGY	MutilEMaStrategy:多重EMA策略启动
2018-11-13 22:45:00,630  INFO: CTA_STRATEGY	MutilEMaStrategy:[2018-11-13 22:45:00]: preStatus: holdingbuy -> status(now): waiting
2018-11-13 22:50:00,335  INFO: CTA_STRATEGY	MutilEMaStrategy:[2018-11-13 22:50:00]: preStatus: holdingbuy -> status(now): waiting
2018-11-13 22:55:00,323  INFO: CTA_STRATEGY	MutilEMaStrategy:[2018-11-13 22:55:00]: preStatus: holdingbuy -> status(now): waiting
