2018-11-14 00:17:02,619  INFO: 启动CTA策略运行子进程
2018-11-14 00:17:02,621  INFO: 事件引擎创建成功
2018-11-14 00:17:02,671  INFO: 主引擎创建成功
2018-11-14 00:17:02,671  INFO: 注册日志事件监听
2018-11-14 00:17:02,687  INFO: 连接CTP接口
2018-11-14 00:17:02,706  INFO: MAIN_ENGINE	MongoDB连接成功
2018-11-14 00:17:02,719  INFO: CTP	行情服务器连接成功
2018-11-14 00:17:02,729  INFO: CTP	交易服务器连接成功
2018-11-14 00:17:02,766  INFO: CTP	行情服务器登录完成
2018-11-14 00:17:02,766  INFO: CTP	交易服务器登录完成
2018-11-14 00:17:02,846  INFO: CTP	结算信息确认完成
2018-11-14 00:17:03,131  INFO: CTP	交易合约信息获取完成
2018-11-14 00:17:12,723  INFO: CTA策略载入成功
2018-11-14 00:17:12,723  INFO: CTA策略初始化成功
2018-11-14 00:17:12,723  INFO: CTA策略启动成功
2018-11-14 00:17:12,765  INFO: CTA_STRATEGY	MutilEMaStrategy:多重EMA策略初始化
2018-11-14 00:17:12,765  INFO: CTA_STRATEGY	MutilEMaStrategy:多重EMA策略启动
2018-11-14 00:17:47,813  INFO: 启动CTA策略运行子进程
2018-11-14 00:17:47,813  INFO: 事件引擎创建成功
2018-11-14 00:17:47,865  INFO: 主引擎创建成功
2018-11-14 00:17:47,865  INFO: 注册日志事件监听
2018-11-14 00:17:47,881  INFO: 连接CTP接口
2018-11-14 00:17:47,907  INFO: MAIN_ENGINE	MongoDB连接成功
2018-11-14 00:17:47,910  INFO: CTP	行情服务器连接成功
2018-11-14 00:17:47,911  INFO: CTP	交易服务器连接成功
2018-11-14 00:17:47,980  INFO: CTP	交易服务器登录完成
2018-11-14 00:17:47,982  INFO: CTP	行情服务器登录完成
2018-11-14 00:17:47,993  INFO: CTP	结算信息确认完成
2018-11-14 00:17:48,278  INFO: CTP	交易合约信息获取完成
2018-11-14 00:17:57,917  INFO: CTA策略载入成功
2018-11-14 00:17:57,917  INFO: CTA策略初始化成功
2018-11-14 00:17:57,918  INFO: CTA策略启动成功
2018-11-14 00:17:57,943  INFO: CTA_STRATEGY	MutilEMaStrategy:多重EMA策略初始化
2018-11-14 00:17:57,943  INFO: CTA_STRATEGY	MutilEMaStrategy:多重EMA策略启动
2018-11-14 00:19:22,559  INFO: 启动CTA策略运行子进程
2018-11-14 00:19:22,559  INFO: 事件引擎创建成功
2018-11-14 00:19:22,611  INFO: 主引擎创建成功
2018-11-14 00:19:22,611  INFO: 注册日志事件监听
2018-11-14 00:19:22,628  INFO: 连接CTP接口
2018-11-14 00:19:22,645  INFO: MAIN_ENGINE	MongoDB连接成功
2018-11-14 00:19:22,665  INFO: CTP	行情服务器连接成功
2018-11-14 00:19:22,667  INFO: CTP	交易服务器连接成功
2018-11-14 00:19:22,703  INFO: CTP	行情服务器登录完成
2018-11-14 00:19:22,710  INFO: CTP	交易服务器登录完成
2018-11-14 00:19:22,786  INFO: CTP	结算信息确认完成
2018-11-14 00:19:23,032  INFO: CTP	交易合约信息获取完成
2018-11-14 00:19:32,663  INFO: CTA策略载入成功
2018-11-14 00:19:32,664  INFO: CTA策略初始化成功
2018-11-14 00:19:32,664  INFO: CTA策略启动成功
2018-11-14 00:19:32,701  INFO: CTA_STRATEGY	MutilEMaStrategy:多重EMA策略初始化
2018-11-14 00:19:32,704  INFO: CTA_STRATEGY	MutilEMaStrategy:多重EMA策略启动
